[16:11:48.170] [DEBUG] Extracting storybook data...
[16:11:48.170] [DEBUG] Getting Storybook info...
[16:11:48.171] [DEBUG] Loading main config...
[16:11:48.233] [DEBUG] Getting stories paths...
[16:11:48.241] [DEBUG] Getting package manager...
[16:11:48.320] [DEBUG] Getting Storybook version...
[16:11:48.321] [INFO] 🔎 checking possible migrations..
[16:11:48.329] [DEBUG] Running eslintPlugin migration checks
[16:11:48.331] [DEBUG] End of eslintPlugin migration checks
[16:11:48.331] [DEBUG] Running addon-mdx-gfm-remove migration checks
[16:11:48.332] [DEBUG] End of addon-mdx-gfm-remove migration checks
[16:11:48.332] [DEBUG] Running addon-storysource-code-panel migration checks
[16:11:48.332] [DEBUG] End of addon-storysource-code-panel migration checks
[16:11:48.332] [DEBUG] Running initial-globals migration checks
[16:11:48.340] [DEBUG] End of initial-globals migration checks
[16:11:48.340] [DEBUG] Running addon-a11y-addon-test migration checks
[16:11:48.340] [DEBUG] End of addon-a11y-addon-test migration checks
[16:11:48.341] [DEBUG] Running consolidated-imports migration checks
[16:11:48.341] [DEBUG] End of consolidated-imports migration checks
[16:11:48.341] [INFO] 🔎 found a 'consolidated-imports' migration:
[16:11:48.347] [INFO] automigrate-task-consolidated-imports-task-start: Automigration detected: consolidated-imports
[16:11:48.347] [INFO] We've detected Storybook packages that have been renamed or consolidated. We'll update these packages by scanning your codebase and updating any imports from these packages.
[16:11:48.347] [INFO] We've detected Storybook packages that have been renamed or consolidated. We'll update these packages by scanning your codebase and updating any imports from these packages.
[16:12:00.255] [PROMPT] Do you want to run the 'consolidated-imports' migration on your project? {"choice":true}
[16:12:00.263] [INFO] ✅ ran consolidated-imports migration
[16:12:00.263] [INFO] automigrate-task-consolidated-imports-task-success: Ran consolidated-imports migration
[16:12:00.263] [DEBUG] Running addon-experimental-test migration checks
[16:12:00.263] [DEBUG] Getting installed version for @storybook/experimental-addon-test...
[16:12:00.541] [DEBUG] End of addon-experimental-test migration checks
[16:12:00.541] [DEBUG] Running rnstorybook-config migration checks
[16:12:00.541] [DEBUG] End of rnstorybook-config migration checks
[16:12:00.541] [DEBUG] Running remove-addon-interactions migration checks
[16:12:00.541] [DEBUG] End of remove-addon-interactions migration checks
[16:12:00.541] [INFO] 🔎 found a 'remove-addon-interactions' migration:
[16:12:00.547] [INFO] automigrate-task-remove-addon-interactions-task-start: Automigration detected: remove-addon-interactions
[16:12:00.547] [INFO] @storybook/addon-interactions has been moved to Storybook core and will be removed from your configuration.
[16:12:00.547] [INFO] @storybook/addon-interactions has been moved to Storybook core and will be removed from your configuration.
[16:12:05.210] [PROMPT] Do you want to run the 'remove-addon-interactions' migration on your project? {"choice":true}
[16:12:05.214] [DEBUG] Uninstalling @storybook/addon-interactions
[16:12:05.215] [INFO] ✅ ran remove-addon-interactions migration
[16:12:05.215] [INFO] automigrate-task-remove-addon-interactions-task-success: Ran remove-addon-interactions migration
[16:12:05.215] [DEBUG] Running renderer-to-framework migration checks
[16:12:05.216] [DEBUG] End of renderer-to-framework migration checks
[16:12:05.216] [INFO] 🔎 found a 'renderer-to-framework' migration:
[16:12:05.232] [INFO] automigrate-task-renderer-to-framework-task-start: Automigration detected: renderer-to-framework
[16:12:05.232] [INFO] We're moving from renderer-based to framework-based configuration and update your imports and dependencies accordingly.
[16:12:05.232] [INFO] We're moving from renderer-based to framework-based configuration and update your imports and dependencies accordingly.
[16:12:11.493] [PROMPT] Do you want to run the 'renderer-to-framework' migration on your project? {"choice":true}
[16:12:11.494] [DEBUG] 
Migrating @storybook/react to @storybook/react-webpack5
[16:12:11.505] [DEBUG] Updating package.json files...
[16:12:11.506] [INFO] ✅ ran renderer-to-framework migration
[16:12:11.506] [INFO] automigrate-task-renderer-to-framework-task-success: Ran renderer-to-framework migration
[16:12:11.506] [DEBUG] Running remove-essential-addons migration checks
[16:12:11.506] [DEBUG] End of remove-essential-addons migration checks
[16:12:11.506] [DEBUG] Running addon-a11y-parameters migration checks
[16:12:11.506] [DEBUG] End of addon-a11y-parameters migration checks
[16:12:11.506] [DEBUG] Running remove-docs-autodocs migration checks
[16:12:11.508] [DEBUG] End of remove-docs-autodocs migration checks
[16:12:11.508] [DEBUG] Running wrap-require migration checks
[16:12:11.512] [DEBUG] End of wrap-require migration checks
[16:12:11.512] [INFO] 
[16:12:11.530] [INFO] Successful migrations:

consolidated-imports, remove-addon-interactions, renderer-to-framework

─────────────────────────────────────────────────

If you'd like to run the migrations again, you can do so by running 'npx storybook automigrate'

The automigrations try to migrate common patterns in your project, but might not contain everything needed to migrate to the latest version of Storybook.

Please check the changelog and migration guide for manual migrations and more information: https://storybook.js.org/docs/migration-guide
And reach out on Discord if you need help: https://discord.gg/storybook
[16:12:11.530] [INFO] Migration check ran successfully
[16:12:11.554] [INFO] Successful migrations:

consolidated-imports, remove-addon-interactions, renderer-to-framework

─────────────────────────────────────────────────

If you'd like to run the migrations again, you can do so by running 'npx storybook automigrate'

The automigrations try to migrate common patterns in your project, but might not contain everything needed to migrate to the latest version of Storybook.

Please check the changelog and migration guide for manual migrations and more information: https://storybook.js.org/docs/migration-guide
And reach out on Discord if you need help: https://discord.gg/storybook
[16:12:11.564] [INFO] 
[16:12:11.578] [INFO] Installing dependencies...
[16:12:11.578] [INFO] install-dependencies-task-start: Installing dependencies...
[16:12:11.579] [INFO] Checking the health of your Storybook..
[16:12:11.579] [DEBUG] Getting Storybook info...
[16:12:11.580] [DEBUG] Loading main config...
[16:12:11.609] [DEBUG] Getting stories paths...
[16:12:11.611] [DEBUG] Getting package manager...
[16:12:11.611] [DEBUG] Getting Storybook version...
[16:12:11.745] [INFO] yarn install v1.22.22
[16:12:11.762] [INFO] install-dependencies-task: yarn install v1.22.22
[16:12:11.784] [INFO] [1/4] Resolving packages...
[16:12:11.793] [INFO] install-dependencies-task: [1/4] Resolving packages...
[16:12:11.881] [INFO] [2/4] Fetching packages...
[16:12:11.894] [INFO] install-dependencies-task: [2/4] Fetching packages...
[16:12:11.963] [WARN] .storybook: 1 issue found
[16:12:11.963] [INFO] You are currently using Storybook 9.1.2 but you have packages which are incompatible with it:

- @storybook/addon-essentials@8.6.14 which depends on 8.6.14
 Repo: https://github.com/storybookjs/storybook/tree/next/code/addons/essentials

Please consider updating your packages or contacting the maintainers for compatibility details.

For more on Storybook 9 compatibility, see the linked GitHub issue:
https://github.com/storybookjs/storybook/issues/30944
[16:12:11.963] [INFO] Incompatible Packages
[16:12:11.964] [INFO] You are currently using Storybook 9.1.2 but you have packages which are incompatible with it:

- @storybook/addon-essentials@8.6.14 which depends on 8.6.14
 Repo: https://github.com/storybookjs/storybook/tree/next/code/addons/essentials

Please consider updating your packages or contacting the maintainers for compatibility details.

For more on Storybook 9 compatibility, see the linked GitHub issue:
https://github.com/storybookjs/storybook/issues/30944
[16:12:11.964] [INFO] Storybook doctor is complete!
[16:12:11.964] [INFO] You can always recheck the health of your project(s) by running:
npx storybook doctor